<?xml version="1.0" encoding="UTF-8"?>
<!-- Generated by org.testng.reporters.JUnitReportReporter -->
<testsuite hostname="varun-desk" name="test.scanfu.register.Register" tests="5" failures="0" timestamp="2 Dec 2011 10:25:48 GMT" time="70.036" errors="0">
  <testcase name="registertoscanfuwithwithoutfilling" time="13.325" classname="test.scanfu.register.Register"/>
  <testcase name="registertoscanfuMale" time="20.163" classname="test.scanfu.register.Register"/>
  <testcase name="verifymenuandsettings" time="8.590" classname="test.scanfu.register.Register"/>
  <testcase name="verifyregistrationmartialtype" time="7.474" classname="test.scanfu.register.Register"/>
  <testcase name="registertoscanfuFemale" time="20.484" classname="test.scanfu.register.Register"/>
</testsuite>
