<?xml version="1.0" encoding="UTF-8"?>
<!-- Generated by org.testng.reporters.JUnitReportReporter -->
<testsuite hostname="varun-desk" name="test.scanfu.login.Login" tests="1" failures="0" timestamp="2 Dec 2011 10:25:48 GMT" time="4.166" errors="0">
  <testcase name="initialPage" time="4.166" classname="test.scanfu.login.Login"/>
</testsuite>
